No protocol specified
Downloading if there is any new GOES16 image...
--2021-11-24 15:11:02--  https://cdn.star.nesdis.noaa.gov/GOES16/ABI/FD/GEOCOLOR/20213281750_GOES16-ABI-FD-GEOCOLOR-1808x1808.jpg
Resolving cdn.star.nesdis.noaa.gov (cdn.star.nesdis.noaa.gov)... 140.90.107.147, 140.90.107.146
Connecting to cdn.star.nesdis.noaa.gov (cdn.star.nesdis.noaa.gov)|140.90.107.147|:443... connected.
HTTP request sent, awaiting response... 200 OK
Length: 697443 (681K) [image/jpeg]
Saving to: ‘/home/lucas/programs/LOOP_BACKGROUND/images/GOES16_GEOCOLOR_20213281750.jpg’

     0K .......... .......... .......... .......... ..........  7%  172K 4s
    50K .......... .......... .......... .......... .......... 14%  404K 2s
   100K .......... .......... .......... .......... .......... 22% 1,02M 2s
   150K .......... .......... .......... .......... .......... 29% 1,22M 1s
   200K .......... .......... .......... .......... .......... 36%  678K 1s
   250K .......... .......... .......... .......... .......... 44% 1,79M 1s
   300K .......... .......... .......... .......... .......... 51% 2,98M 1s
   350K .......... .......... .......... .......... .......... 58% 2,61M 0s
   400K .......... .......... .......... .......... .......... 66%  899K 0s
   450K .......... .......... .......... .......... .......... 73% 3,24M 0s
   500K .......... .......... .......... .......... .......... 80% 3,25M 0s
   550K .......... .......... .......... .......... .......... 88% 5,79M 0s
   600K .......... .......... .......... .......... .......... 95% 4,26M 0s
   650K .......... .......... .......... .                    100% 5,16M=0,8s

2021-11-24 15:11:03 (908 KB/s) - ‘/home/lucas/programs/LOOP_BACKGROUND/images/GOES16_GEOCOLOR_20213281750.jpg’ saved [697443/697443]

Done with download.
Setting 'file:///home/lucas/programs/LOOP_BACKGROUND/images//GOES16_GEOCOLOR_20213281750.jpg' as desktop background
No protocol specified
Downloading if there is any new GOES16 image...
There aint new images!
Doing nothing instead.
Bye!
No protocol specified
Downloading if there is any new GOES16 image...
There aint new images!
Doing nothing instead.
Bye!
No protocol specified
Downloading if there is any new GOES16 image...
There aint new images!
Doing nothing instead.
Bye!
No protocol specified
Downloading if there is any new GOES16 image...
There aint new images!
Doing nothing instead.
Bye!
No protocol specified
Downloading if there is any new GOES16 image...
There aint new images!
Doing nothing instead.
Bye!
No protocol specified
Downloading if there is any new GOES16 image...
There aint new images!
Doing nothing instead.
Bye!
No protocol specified
Downloading if there is any new GOES16 image...
There aint new images!
Doing nothing instead.
Bye!
No protocol specified
Downloading if there is any new GOES16 image...
There aint new images!
Doing nothing instead.
Bye!
No protocol specified
Downloading if there is any new GOES16 image...
There aint new images!
Doing nothing instead.
Bye!
No protocol specified
Downloading if there is any new GOES16 image...
--2021-11-24 15:21:02--  https://cdn.star.nesdis.noaa.gov/GOES16/ABI/FD/GEOCOLOR/20213281800_GOES16-ABI-FD-GEOCOLOR-1808x1808.jpg
Resolving cdn.star.nesdis.noaa.gov (cdn.star.nesdis.noaa.gov)... 140.90.107.147, 140.90.107.146
Connecting to cdn.star.nesdis.noaa.gov (cdn.star.nesdis.noaa.gov)|140.90.107.147|:443... connected.
HTTP request sent, awaiting response... 200 OK
Length: 697523 (681K) [image/jpeg]
Saving to: ‘/home/lucas/programs/LOOP_BACKGROUND/images/GOES16_GEOCOLOR_20213281800.jpg’

     0K .......... .......... .......... .......... ..........  7%  171K 4s
    50K .......... .......... .......... .......... .......... 14%  389K 2s
   100K .......... .......... .......... .......... .......... 22% 1,07M 2s
   150K .......... .......... .......... .......... .......... 29%  629K 1s
   200K .......... .......... .......... .......... .......... 36% 1,74M 1s
   250K .......... .......... .......... .......... .......... 44% 1,95M 1s
   300K .......... .......... .......... .......... .......... 51% 2,57M 1s
   350K .......... .......... .......... .......... .......... 58% 2,41M 0s
   400K .......... .......... .......... .......... .......... 66%  923K 0s
   450K .......... .......... .......... .......... .......... 73% 3,05M 0s
   500K .......... .......... .......... .......... .......... 80% 4,11M 0s
   550K .......... .......... .......... .......... .......... 88% 3,96M 0s
   600K .......... .......... .......... .......... .......... 95% 4,57M 0s
   650K .......... .......... .......... .                    100% 4,68M=0,7s

2021-11-24 15:21:03 (908 KB/s) - ‘/home/lucas/programs/LOOP_BACKGROUND/images/GOES16_GEOCOLOR_20213281800.jpg’ saved [697523/697523]

Done with download.
Setting 'file:///home/lucas/programs/LOOP_BACKGROUND/images//GOES16_GEOCOLOR_20213281800.jpg' as desktop background
No protocol specified
Downloading if there is any new GOES16 image...
There aint new images!
Doing nothing instead.
Bye!
No protocol specified
Downloading if there is any new GOES16 image...
There aint new images!
Doing nothing instead.
Bye!
No protocol specified
Downloading if there is any new GOES16 image...
Done with download.
Setting 'file:///home/lucas/programs/LOOP_BACKGROUND/images//GOES16_GEOCOLOR_20213281800.jpg' as desktop background
